#
# A fatal error has been detected by the Java Runtime Environment:
#
#  SIGSEGV (0xb) at pc=0x0000000000000000, pid=479, tid=27163
#
# JRE version: Java(TM) SE Runtime Environment (7.0_75-b13) (build 1.7.0_75-b13)
# Java VM: Java HotSpot(TM) 64-Bit Server VM (24.75-b04 mixed mode bsd-amd64 compressed oops)
# Problematic frame:
# C  0x0000000000000000
#
# Failed to write core dump. Core dumps have been disabled. To enable core dumping, try "ulimit -c unlimited" before starting Java again
#
# If you would like to submit a bug report, please visit:
#   http://bugreport.sun.com/bugreport/crash.jsp
#

---------------  T H R E A D  ---------------

Current thread (0x00007fbb7910c000):  JavaThread "qtp325401230-55" [_thread_in_Java, id=27163, stack(0x000000010c798000,0x000000010c898000)]

siginfo:si_signo=SIGSEGV: si_errno=0, si_code=1 (SEGV_MAPERR), si_addr=0x0000000000000000

Registers:
RAX=0x000000077b792e08, RBX=0x000000077b78f1d0, RCX=0x00000007d95a1080, RDX=0x000000077b792e08
RSP=0x000000010c8977d0, RBP=0x000000010c897848, RSI=0x0000000000000007, RDI=0x000000077b653e48
R8 =0x000000010c897798, R9 =0x000000010c8977a0, R10=0x00000001012265a0, R11=0x000000010169a958
R12=0x0000000000000000, R13=0x000000010c8977d8, R14=0x000000077b8eda18, R15=0x00007fbb7910c000
RIP=0x0000000000000000, EFLAGS=0x0000000000010206, ERR=0x0000000000000014
  TRAPNO=0x000000000000000e

Top of Stack: (sp=0x000000010c8977d0)
0x000000010c8977d0:   000000010156a233 00000007d95a1080
0x000000010c8977e0:   0000000000000001 00000007daec6490
0x000000010c8977f0:   00000007daec6490 0000000780215820
0x000000010c897800:   00000007801b4650 000000010c897808
0x000000010c897810:   000000077b652663 000000010c897870
0x000000010c897820:   000000077b7931c0 000000077b8eda18
0x000000010c897830:   000000077b652920 000000010c8977d8
0x000000010c897840:   000000010c897870 000000010c8978b8
0x000000010c897850:   000000010156a058 0000000000000000
0x000000010c897860:   0000000000000000 0000000000000000
0x000000010c897870:   00000007d95a0ed8 000000010c897878
0x000000010c897880:   000000077b7955c7 000000010c8978d0
0x000000010c897890:   000000077b795e58 0000000000000000
0x000000010c8978a0:   000000077b795718 000000010c897870
0x000000010c8978b0:   000000010c8978d0 000000010c897918
0x000000010c8978c0:   000000010156a706 0000000000000000
0x000000010c8978d0:   00000007d95a0f98 000000010c8978d8
0x000000010c8978e0:   000000077b63ba49 000000010c897930
0x000000010c8978f0:   000000077b63d708 0000000000000000
0x000000010c897900:   000000077b63ba70 000000010c8978d0
0x000000010c897910:   000000010c897928 000000010c897978
0x000000010c897920:   000000010156a058 00000007d95a0f98
0x000000010c897930:   0000000780122a60 000000010c897938
0x000000010c897940:   000000077b642349 000000010c8979d0
0x000000010c897950:   000000077b642918 000000077b8e6350
0x000000010c897960:   000000077b642620 000000010c897928
0x000000010c897970:   000000010c8979d0 000000010c897a18
0x000000010c897980:   000000010156a706 0000000000000000
0x000000010c897990:   0000000000000000 0000014c12538263
0x000000010c8979a0:   0000000000000000 0000014c12537f1c
0x000000010c8979b0:   0000000000000000 000000000000000a
0x000000010c8979c0:   00000007d95a0f98 0000000000000000 

Instructions: (pc=0x0000000000000000)
0xffffffffffffffe0:   

Register to memory mapping:

RAX=0x000000077b792e08 is an oop
{instance class} 
 - klass: {other class}
RBX=0x000000077b78f1d0 is an oop
{method} 
 - klass: {other class}
RCX=0x00000007d95a1080 is an oop
org.eclipse.jetty.server.HttpConnection$HttpChannelOverHttp 
 - klass: 'org/eclipse/jetty/server/HttpConnection$HttpChannelOverHttp'
RDX=0x000000077b792e08 is an oop
{instance class} 
 - klass: {other class}
RSP=0x000000010c8977d0 is pointing into the stack for thread: 0x00007fbb7910c000
RBP=0x000000010c897848 is pointing into the stack for thread: 0x00007fbb7910c000
RSI=0x0000000000000007 is an unknown value
RDI=0x000000077b653e48 is an oop
{instance class} 
 - klass: {other class}
R8 =0x000000010c897798 is pointing into the stack for thread: 0x00007fbb7910c000
R9 =0x000000010c8977a0 is pointing into the stack for thread: 0x00007fbb7910c000
R10=0x00000001012265a0: _ZN19TemplateInterpreter24_return_3_addrs_by_indexE+0 in /Library/Java/JavaVirtualMachines/jdk1.7.0_75.jdk/Contents/Home/jre/lib/server/libjvm.dylib at 0x0000000100a00000
R11=0x000000010169a958 is at entry_point+24 in (nmethod*)0x000000010169a7d0
R12=0x0000000000000000 is an unknown value
R13=0x000000010c8977d8 is pointing into the stack for thread: 0x00007fbb7910c000
R14=0x000000077b8eda18 is pointing into object: 0x000000077b8ed930
{method data} 
 - klass: {other class}
R15=0x00007fbb7910c000 is a thread


Stack: [0x000000010c798000,0x000000010c898000],  sp=0x000000010c8977d0,  free space=1021k

---------------  P R O C E S S  ---------------

Java Threads: ( => current thread )
  0x00007fbb79201800 JavaThread "qtp325401230-58" [_thread_blocked, id=29203, stack(0x000000010bd52000,0x000000010be52000)]
  0x00007fbb79204000 JavaThread "qtp325401230-56" [_thread_blocked, id=28695, stack(0x000000010c89b000,0x000000010c99b000)]
=>0x00007fbb7910c000 JavaThread "qtp325401230-55" [_thread_in_Java, id=27163, stack(0x000000010c798000,0x000000010c898000)]
  0x00007fbb75066000 JavaThread "qtp325401230-54" [_thread_blocked, id=29711, stack(0x000000010caa1000,0x000000010cba1000)]
  0x00007fbb7ab5d800 JavaThread "Scheduler-76614704" [_thread_blocked, id=15371, stack(0x000000010adf8000,0x000000010aef8000)]
  0x00007fbb75146800 JavaThread "HashSessionScavenger-0" daemon [_thread_blocked, id=26371, stack(0x000000010c99e000,0x000000010ca9e000)]
  0x00007fbb7ab5f800 JavaThread "qtp325401230-19-acceptor-1-ServerConnector@2674241d{HTTP/1.1}{0.0.0.0:4567}" [_thread_in_native, id=24835, stack(0x000000010c695000,0x000000010c795000)]
  0x00007fbb7ab5e800 JavaThread "qtp325401230-18-acceptor-0-ServerConnector@2674241d{HTTP/1.1}{0.0.0.0:4567}" [_thread_blocked, id=24323, stack(0x000000010c592000,0x000000010c692000)]
  0x00007fbb7ab65000 JavaThread "qtp325401230-17-selector-3" [_thread_in_native, id=23811, stack(0x000000010c48f000,0x000000010c58f000)]
  0x00007fbb7ab64000 JavaThread "qtp325401230-16-selector-2" [_thread_in_native, id=23299, stack(0x000000010c38c000,0x000000010c48c000)]
  0x00007fbb7ab63800 JavaThread "qtp325401230-15-selector-1" [_thread_in_native, id=22787, stack(0x000000010c289000,0x000000010c389000)]
  0x00007fbb7ab68800 JavaThread "qtp325401230-14-selector-0" [_thread_in_native, id=22275, stack(0x000000010c186000,0x000000010c286000)]
  0x00007fbb7ab67800 JavaThread "DateCache" daemon [_thread_blocked, id=21763, stack(0x000000010c083000,0x000000010c183000)]
  0x00007fbb74805000 JavaThread "DestroyJavaVM" [_thread_blocked, id=6403, stack(0x0000000101462000,0x0000000101562000)]
  0x00007fbb79050000 JavaThread "Thread-1" [_thread_blocked, id=21251, stack(0x000000010bf80000,0x000000010c080000)]
  0x00007fbb74b44800 JavaThread "Thread-0" daemon [_thread_blocked, id=20739, stack(0x000000010bc4f000,0x000000010bd4f000)]
  0x00007fbb781bf000 JavaThread "DirectoryWatcher" [_thread_blocked, id=20227, stack(0x000000010b6fc000,0x000000010b7fc000)]
  0x00007fbb7482b000 JavaThread "Service Thread" daemon [_thread_blocked, id=19203, stack(0x000000010b207000,0x000000010b307000)]
  0x00007fbb75015000 JavaThread "C2 CompilerThread1" daemon [_thread_blocked, id=18691, stack(0x000000010b104000,0x000000010b204000)]
  0x00007fbb7383b000 JavaThread "C2 CompilerThread0" daemon [_thread_blocked, id=18179, stack(0x000000010b001000,0x000000010b101000)]
  0x00007fbb7382d000 JavaThread "Signal Dispatcher" daemon [_thread_blocked, id=17667, stack(0x000000010aefe000,0x000000010affe000)]
  0x00007fbb7400d000 JavaThread "Finalizer" daemon [_thread_blocked, id=12547, stack(0x000000010acaf000,0x000000010adaf000)]
  0x00007fbb7382b800 JavaThread "Reference Handler" daemon [_thread_blocked, id=12035, stack(0x000000010abac000,0x000000010acac000)]

Other Threads:
  0x00007fbb7481e800 VMThread [stack: 0x000000010aaa9000,0x000000010aba9000] [id=11523]
  0x00007fbb7483c000 WatcherThread [stack: 0x000000010b30a000,0x000000010b40a000] [id=19715]

VM state:not at safepoint (normal execution)

VM Mutex/Monitor currently owned by a thread: None

Heap
 PSYoungGen      total 109056K, used 94837K [0x00000007d5500000, 0x00000007e5a80000, 0x0000000800000000)
  eden space 107520K, 87% used [0x00000007d5500000,0x00000007db05d5f8,0x00000007dbe00000)
  from space 1536K, 83% used [0x00000007e5400000,0x00000007e5540000,0x00000007e5580000)
  to   space 4096K, 0% used [0x00000007e5680000,0x00000007e5680000,0x00000007e5a80000)
 ParOldGen       total 87040K, used 2644K [0x0000000780000000, 0x0000000785500000, 0x00000007d5500000)
  object space 87040K, 3% used [0x0000000780000000,0x00000007802951c0,0x0000000785500000)
 PSPermGen       total 21504K, used 11260K [0x000000077ae00000, 0x000000077c300000, 0x0000000780000000)
  object space 21504K, 52% used [0x000000077ae00000,0x000000077b8ff288,0x000000077c300000)

Card table byte_map: [0x0000000104624000,0x0000000104a4e000] byte_map_base: 0x0000000100a4d000

Polling page: 0x00000001001c6000

Code Cache  [0x0000000101564000, 0x00000001017d4000, 0x0000000104564000)
 total_blobs=836 nmethods=550 adapters=240 free_code_cache=47328Kb largest_free_block=48427072

Compilation events (10 events):
Event: 3906.855 Thread 0x00007fbb7383b000  566             java.lang.AbstractStringBuilder::append (40 bytes)
Event: 3906.860 Thread 0x00007fbb7383b000 nmethod 566 0x0000000101724fd0 code [0x0000000101725120, 0x00000001017254d8]
Event: 3934.370 Thread 0x00007fbb75015000  567             org.eclipse.jetty.util.BufferUtil::hasContent (17 bytes)
Event: 3934.371 Thread 0x00007fbb75015000 nmethod 567 0x0000000101726e50 code [0x0000000101726f80, 0x0000000101726fd8]
Event: 3948.853 Thread 0x00007fbb7383b000  568 % !         java.util.TimerThread::mainLoop @ 0 (232 bytes)
Event: 3948.869 Thread 0x00007fbb7383b000 nmethod 568% 0x0000000101732f90 code [0x0000000101733180, 0x0000000101734310]
Event: 3966.826 Thread 0x00007fbb75015000  569 %           com.google.gson.stream.JsonWriter::string @ 37 (169 bytes)
Event: 3966.833 Thread 0x00007fbb75015000 nmethod 569% 0x00000001017301d0 code [0x00000001017303e0, 0x0000000101730a30]
Event: 4015.108 Thread 0x00007fbb7383b000  570             com.google.gson.stream.JsonWriter::string (169 bytes)
Event: 4015.114 Thread 0x00007fbb7383b000 nmethod 570 0x0000000101727ed0 code [0x00000001017280e0, 0x00000001017286e0]

GC Heap History (10 events):
Event: 5.468 GC heap before
{Heap before GC invocations=9 (full 0):
 PSYoungGen      total 130560K, used 130304K [0x00000007d5500000, 0x00000007e6180000, 0x0000000800000000)
  eden space 130048K, 100% used [0x00000007d5500000,0x00000007dd400000,0x00000007dd400000)
  from space 512K, 50% used [0x00000007e6100000,0x00000007e6140000,0x00000007e6180000)
  to   space 4096K, 0% used [0x00000007e5980000,0x00000007e5980000,0x00000007e5d80000)
 ParOldGen       total 87040K, used 1004K [0x0000000780000000, 0x0000000785500000, 0x00000007d5500000)
  object space 87040K, 1% used [0x0000000780000000,0x00000007800fb090,0x0000000785500000)
 PSPermGen       total 21504K, used 6402K [0x000000077ae00000, 0x000000077c300000, 0x0000000780000000)
  object space 21504K, 29% used [0x000000077ae00000,0x000000077b440bc8,0x000000077c300000)
Event: 5.470 GC heap after
Heap after GC invocations=9 (full 0):
 PSYoungGen      total 129024K, used 1120K [0x00000007d5500000, 0x00000007e6180000, 0x0000000800000000)
  eden space 124928K, 0% used [0x00000007d5500000,0x00000007d5500000,0x00000007dcf00000)
  from space 4096K, 27% used [0x00000007e5980000,0x00000007e5a98000,0x00000007e5d80000)
  to   space 4096K, 0% used [0x00000007e5d80000,0x00000007e5d80000,0x00000007e6180000)
 ParOldGen       total 87040K, used 1012K [0x0000000780000000, 0x0000000785500000, 0x00000007d5500000)
  object space 87040K, 1% used [0x0000000780000000,0x00000007800fd090,0x0000000785500000)
 PSPermGen       total 21504K, used 6402K [0x000000077ae00000, 0x000000077c300000, 0x0000000780000000)
  object space 21504K, 29% used [0x000000077ae00000,0x000000077b440bc8,0x000000077c300000)
}
Event: 5.896 GC heap before
{Heap before GC invocations=10 (full 0):
 PSYoungGen      total 129024K, used 126048K [0x00000007d5500000, 0x00000007e6180000, 0x0000000800000000)
  eden space 124928K, 100% used [0x00000007d5500000,0x00000007dcf00000,0x00000007dcf00000)
  from space 4096K, 27% used [0x00000007e5980000,0x00000007e5a98000,0x00000007e5d80000)
  to   space 4096K, 0% used [0x00000007e5d80000,0x00000007e5d80000,0x00000007e6180000)
 ParOldGen       total 87040K, used 1012K [0x0000000780000000, 0x0000000785500000, 0x00000007d5500000)
  object space 87040K, 1% used [0x0000000780000000,0x00000007800fd090,0x0000000785500000)
 PSPermGen       total 21504K, used 6415K [0x000000077ae00000, 0x000000077c300000, 0x0000000780000000)
  object space 21504K, 29% used [0x000000077ae00000,0x000000077b443cc0,0x000000077c300000)
Event: 5.897 GC heap after
Heap after GC invocations=10 (full 0):
 PSYoungGen      total 121344K, used 992K [0x00000007d5500000, 0x00000007e5e80000, 0x0000000800000000)
  eden space 120320K, 0% used [0x00000007d5500000,0x00000007d5500000,0x00000007dca80000)
  from space 1024K, 96% used [0x00000007e5d80000,0x00000007e5e78000,0x00000007e5e80000)
  to   space 4096K, 0% used [0x00000007e5680000,0x00000007e5680000,0x00000007e5a80000)
 ParOldGen       total 87040K, used 1020K [0x0000000780000000, 0x0000000785500000, 0x00000007d5500000)
  object space 87040K, 1% used [0x0000000780000000,0x00000007800ff090,0x0000000785500000)
 PSPermGen       total 21504K, used 6415K [0x000000077ae00000, 0x000000077c300000, 0x0000000780000000)
  object space 21504K, 29% used [0x000000077ae00000,0x000000077b443cc0,0x000000077c300000)
}
Event: 17.182 GC heap before
{Heap before GC invocations=11 (full 0):
 PSYoungGen      total 121344K, used 121312K [0x00000007d5500000, 0x00000007e5e80000, 0x0000000800000000)
  eden space 120320K, 100% used [0x00000007d5500000,0x00000007dca80000,0x00000007dca80000)
  from space 1024K, 96% used [0x00000007e5d80000,0x00000007e5e78000,0x00000007e5e80000)
  to   space 4096K, 0% used [0x00000007e5680000,0x00000007e5680000,0x00000007e5a80000)
 ParOldGen       total 87040K, used 1020K [0x0000000780000000, 0x0000000785500000, 0x00000007d5500000)
  object space 87040K, 1% used [0x0000000780000000,0x00000007800ff090,0x0000000785500000)
 PSPermGen       total 21504K, used 10265K [0x000000077ae00000, 0x000000077c300000, 0x0000000780000000)
  object space 21504K, 47% used [0x000000077ae00000,0x000000077b806490,0x000000077c300000)
Event: 17.191 GC heap after
Heap after GC invocations=11 (full 0):
 PSYoungGen      total 118784K, used 2784K [0x00000007d5500000, 0x00000007e5e00000, 0x0000000800000000)
  eden space 115712K, 0% used [0x00000007d5500000,0x00000007d5500000,0x00000007dc600000)
  from space 3072K, 90% used [0x00000007e5680000,0x00000007e59383c0,0x00000007e5980000)
  to   space 4096K, 0% used [0x00000007e5a00000,0x00000007e5a00000,0x00000007e5e00000)
 ParOldGen       total 87040K, used 1036K [0x0000000780000000, 0x0000000785500000, 0x00000007d5500000)
  object space 87040K, 1% used [0x0000000780000000,0x0000000780103090,0x0000000785500000)
 PSPermGen       total 21504K, used 10265K [0x000000077ae00000, 0x000000077c300000, 0x0000000780000000)
  object space 21504K, 47% used [0x000000077ae00000,0x000000077b806490,0x000000077c300000)
}
Event: 898.895 GC heap before
{Heap before GC invocations=12 (full 0):
 PSYoungGen      total 118784K, used 118496K [0x00000007d5500000, 0x00000007e5e00000, 0x0000000800000000)
  eden space 115712K, 100% used [0x00000007d5500000,0x00000007dc600000,0x00000007dc600000)
  from space 3072K, 90% used [0x00000007e5680000,0x00000007e59383c0,0x00000007e5980000)
  to   space 4096K, 0% used [0x00000007e5a00000,0x00000007e5a00000,0x00000007e5e00000)
 ParOldGen       total 87040K, used 1036K [0x0000000780000000, 0x0000000785500000, 0x00000007d5500000)
  object space 87040K, 1% used [0x0000000780000000,0x0000000780103090,0x0000000785500000)
 PSPermGen       total 21504K, used 11112K [0x000000077ae00000, 0x000000077c300000, 0x0000000780000000)
  object space 21504K, 51% used [0x000000077ae00000,0x000000077b8da330,0x000000077c300000)
Event: 898.908 GC heap after
Heap after GC invocations=12 (full 0):
 PSYoungGen      total 113664K, used 1685K [0x00000007d5500000, 0x00000007e5c00000, 0x0000000800000000)
  eden space 111616K, 0% used [0x00000007d5500000,0x00000007d5500000,0x00000007dc200000)
  from space 2048K, 82% used [0x00000007e5a00000,0x00000007e5ba54d0,0x00000007e5c00000)
  to   space 4096K, 0% used [0x00000007e5400000,0x00000007e5400000,0x00000007e5800000)
 ParOldGen       total 87040K, used 2308K [0x0000000780000000, 0x0000000785500000, 0x00000007d5500000)
  object space 87040K, 2% used [0x0000000780000000,0x0000000780241190,0x0000000785500000)
 PSPermGen       total 21504K, used 11112K [0x000000077ae00000, 0x000000077c300000, 0x0000000780000000)
  object space 21504K, 51% used [0x000000077ae00000,0x000000077b8da330,0x000000077c300000)
}
Event: 1781.079 GC heap before
{Heap before GC invocations=13 (full 0):
 PSYoungGen      total 113664K, used 113301K [0x00000007d5500000, 0x00000007e5c00000, 0x0000000800000000)
  eden space 111616K, 100% used [0x00000007d5500000,0x00000007dc200000,0x00000007dc200000)
  from space 2048K, 82% used [0x00000007e5a00000,0x00000007e5ba54d0,0x00000007e5c00000)
  to   space 4096K, 0% used [0x00000007e5400000,0x00000007e5400000,0x00000007e5800000)
 ParOldGen       total 87040K, used 2308K [0x0000000780000000, 0x0000000785500000, 0x00000007d5500000)
  object space 87040K, 2% used [0x0000000780000000,0x0000000780241190,0x0000000785500000)
 PSPermGen       total 21504K, used 11229K [0x000000077ae00000, 0x000000077c300000, 0x0000000780000000)
  object space 21504K, 52% used [0x000000077ae00000,0x000000077b8f75a8,0x000000077c300000)
Event: 1781.084 GC heap after
Heap after GC invocations=13 (full 0):
 PSYoungGen      total 109056K, used 1280K [0x00000007d5500000, 0x00000007e5a80000, 0x0000000800000000)
  eden space 107520K, 0% used [0x00000007d5500000,0x00000007d5500000,0x00000007dbe00000)
  from space 1536K, 83% used [0x00000007e5400000,0x00000007e5540000,0x00000007e5580000)
  to   space 4096K, 0% used [0x00000007e5680000,0x00000007e5680000,0x00000007e5a80000)
 ParOldGen       total 87040K, used 2644K [0x0000000780000000, 0x0000000785500000, 0x00000007d5500000)
  object space 87040K, 3% used [0x0000000780000000,0x00000007802951c0,0x0000000785500000)
 PSPermGen       total 21504K, used 11229K [0x000000077ae00000, 0x000000077c300000, 0x0000000780000000)
  object space 21504K, 52% used [0x000000077ae00000,0x000000077b8f75a8,0x000000077c300000)
}

Deoptimization events (10 events):
Event: 470.723 Thread 0x00007fbb7403e800 Uncommon trap: reason=array_check action=maybe_recompile pc=0x000000010165e1d8 method=java.util.AbstractCollection.toArray([Ljava/lang/Object;)[Ljava/lang/Object; @ 119
Event: 470.784 Thread 0x00007fbb74392800 Uncommon trap: reason=unreached action=reinterpret pc=0x000000010169ad98 method=java.lang.ThreadLocal$ThreadLocalMap.getEntry(Ljava/lang/ThreadLocal;)Ljava/lang/ThreadLocal$ThreadLocalMap$Entry; @ 29
Event: 472.432 Thread 0x00007fbb7403e800 Uncommon trap: reason=unreached action=reinterpret pc=0x000000010169dfb8 method=java.lang.ThreadLocal$ThreadLocalMap.getEntry(Ljava/lang/ThreadLocal;)Ljava/lang/ThreadLocal$ThreadLocalMap$Entry; @ 29
Event: 505.382 Thread 0x00007fbb750e8000 Uncommon trap: reason=predicate action=maybe_recompile pc=0x00000001016d2fc0 method=java.util.Arrays.fill([Ljava/lang/Object;Ljava/lang/Object;)V @ 10
Event: 525.570 Thread 0x00007fbb7ab65000 Uncommon trap: reason=array_check action=maybe_recompile pc=0x00000001016d36f8 method=java.util.Arrays.fill([Ljava/lang/Object;Ljava/lang/Object;)V @ 13
Event: 525.570 Thread 0x00007fbb7ab65000 Uncommon trap: reason=array_check action=maybe_recompile pc=0x00000001016d36f8 method=java.util.Arrays.fill([Ljava/lang/Object;Ljava/lang/Object;)V @ 13
Event: 525.570 Thread 0x00007fbb7403e800 Uncommon trap: reason=array_check action=maybe_recompile pc=0x00000001016d36f8 method=java.util.Arrays.fill([Ljava/lang/Object;Ljava/lang/Object;)V @ 13
Event: 525.570 Thread 0x00007fbb7ab63800 Uncommon trap: reason=array_check action=maybe_recompile pc=0x00000001016d36f8 method=java.util.Arrays.fill([Ljava/lang/Object;Ljava/lang/Object;)V @ 13
Event: 810.118 Thread 0x00007fbb750e8000 Uncommon trap: reason=null_check action=make_not_entrant pc=0x00000001016b8b14 method=java.text.SimpleDateFormat.checkNegativeNumberExpression()V @ 40
Event: 3966.823 Thread 0x00007fbb7910c000 Uncommon trap: reason=unreached action=reinterpret pc=0x00000001016ad6a4 method=com.google.gson.stream.JsonWriter.string(Ljava/lang/String;)V @ 68

Internal exceptions (10 events):
Event: 21.446 Thread 0x00007fbb74069800 Threw 0x00000007d64e7d00 at /HUDSON/workspace/7u-2-build-macosx-x86_64/jdk7u75/1940/hotspot/src/share/vm/prims/jvm.cpp:1281
Event: 21.448 Thread 0x00007fbb74069800 Threw 0x00000007d64fae48 at /HUDSON/workspace/7u-2-build-macosx-x86_64/jdk7u75/1940/hotspot/src/share/vm/prims/jvm.cpp:1281
Event: 21.449 Thread 0x00007fbb74069800 Threw 0x00000007d64ffe28 at /HUDSON/workspace/7u-2-build-macosx-x86_64/jdk7u75/1940/hotspot/src/share/vm/prims/jvm.cpp:1281
Event: 21.449 Thread 0x00007fbb74069800 Threw 0x00000007d65054d0 at /HUDSON/workspace/7u-2-build-macosx-x86_64/jdk7u75/1940/hotspot/src/share/vm/prims/jvm.cpp:1281
Event: 21.450 Thread 0x00007fbb74069800 Threw 0x00000007d650e670 at /HUDSON/workspace/7u-2-build-macosx-x86_64/jdk7u75/1940/hotspot/src/share/vm/prims/jvm.cpp:1281
Event: 21.461 Thread 0x00007fbb74069800 Threw 0x00000007d6515058 at /HUDSON/workspace/7u-2-build-macosx-x86_64/jdk7u75/1940/hotspot/src/share/vm/prims/jvm.cpp:1281
Event: 22.078 Thread 0x00007fbb7403f800 Threw 0x00000007d5517618 at /HUDSON/workspace/7u-2-build-macosx-x86_64/jdk7u75/1940/hotspot/src/share/vm/prims/jvm.cpp:1281
Event: 22.136 Thread 0x00007fbb7403f800 Threw 0x00000007d551dfb8 at /HUDSON/workspace/7u-2-build-macosx-x86_64/jdk7u75/1940/hotspot/src/share/vm/prims/jvm.cpp:1281
Event: 810.118 Thread 0x00007fbb750e8000 Implicit null exception at 0x00000001016b838e to 0x00000001016b8afd
Event: 3966.818 Thread 0x00007fbb79204000 Threw 0x00000007da854888 at /HUDSON/workspace/7u-2-build-macosx-x86_64/jdk7u75/1940/hotspot/src/share/vm/prims/jvm.cpp:1281

Events (10 events):
Event: 3966.823 Executing VM operation: RevokeBias
Event: 3966.823 Executing VM operation: RevokeBias done
Event: 3966.823 Thread 0x00007fbb7910c000 Uncommon trap: trap_request=0xffffffad fr.pc=0x00000001016ad6a4
Event: 3966.823 Thread 0x00007fbb7910c000 DEOPT PACKING pc=0x00000001016ad6a4 sp=0x000000010c896e80
Event: 3966.823 Thread 0x00007fbb7910c000 DEOPT UNPACKING pc=0x000000010159d045 sp=0x000000010c896e48 mode 2
Event: 4015.040 Executing VM operation: RevokeBias
Event: 4015.040 Executing VM operation: RevokeBias done
Event: 4015.040 Thread 0x00007fbb75213000 Thread exited: 0x00007fbb75213000
Event: 4015.043 Executing VM operation: RevokeBias
Event: 4015.044 Executing VM operation: RevokeBias done


Dynamic libraries:
0x0000000002efa000 	/System/Library/Frameworks/Cocoa.framework/Versions/A/Cocoa
0x0000000002efa000 	/System/Library/Frameworks/Security.framework/Versions/A/Security
0x0000000002efa000 	/System/Library/Frameworks/ApplicationServices.framework/Versions/A/ApplicationServices
0x0000000002efa000 	/usr/lib/libz.1.dylib
0x0000000002efa000 	/usr/lib/libSystem.B.dylib
0x0000000002efa000 	/usr/lib/libobjc.A.dylib
0x0000000002efa000 	/System/Library/Frameworks/CoreFoundation.framework/Versions/A/CoreFoundation
0x0000000002efa000 	/System/Library/Frameworks/Foundation.framework/Versions/C/Foundation
0x0000000002efa000 	/System/Library/Frameworks/AppKit.framework/Versions/C/AppKit
0x0000000002efa000 	/System/Library/Frameworks/CoreData.framework/Versions/A/CoreData
0x0000000002efa000 	/System/Library/PrivateFrameworks/RemoteViewServices.framework/Versions/A/RemoteViewServices
0x0000000002efa000 	/System/Library/Frameworks/AudioToolbox.framework/Versions/A/AudioToolbox
0x0000000002efa000 	/System/Library/Frameworks/AudioUnit.framework/Versions/A/AudioUnit
0x0000000002efa000 	/System/Library/PrivateFrameworks/DataDetectorsCore.framework/Versions/A/DataDetectorsCore
0x0000000002efa000 	/System/Library/PrivateFrameworks/DesktopServicesPriv.framework/Versions/A/DesktopServicesPriv
0x0000000002efa000 	/System/Library/Frameworks/Carbon.framework/Versions/A/Frameworks/HIToolbox.framework/Versions/A/HIToolbox
0x0000000002efa000 	/System/Library/Frameworks/QuartzCore.framework/Versions/A/QuartzCore
0x0000000002efa000 	/System/Library/Frameworks/Carbon.framework/Versions/A/Frameworks/SpeechRecognition.framework/Versions/A/SpeechRecognition
0x0000000002efa000 	/usr/lib/libauto.dylib
0x0000000002efa000 	/usr/lib/libicucore.A.dylib
0x0000000002efa000 	/usr/lib/libxml2.2.dylib
0x0000000002efa000 	/System/Library/PrivateFrameworks/CoreUI.framework/Versions/A/CoreUI
0x0000000002efa000 	/System/Library/Frameworks/CoreAudio.framework/Versions/A/CoreAudio
0x0000000002efa000 	/System/Library/Frameworks/DiskArbitration.framework/Versions/A/DiskArbitration
0x0000000002efa000 	/usr/lib/liblangid.dylib
0x0000000002efa000 	/System/Library/PrivateFrameworks/MultitouchSupport.framework/Versions/A/MultitouchSupport
0x0000000002efa000 	/System/Library/Frameworks/IOKit.framework/Versions/A/IOKit
0x0000000002efa000 	/usr/lib/libDiagnosticMessagesClient.dylib
0x0000000002efa000 	/System/Library/Frameworks/CoreServices.framework/Versions/A/CoreServices
0x0000000002efa000 	/System/Library/PrivateFrameworks/PerformanceAnalysis.framework/Versions/A/PerformanceAnalysis
0x0000000002efa000 	/System/Library/PrivateFrameworks/GenerationalStorage.framework/Versions/A/GenerationalStorage
0x0000000002efa000 	/System/Library/Frameworks/OpenGL.framework/Versions/A/OpenGL
0x0000000002efa000 	/System/Library/PrivateFrameworks/Sharing.framework/Versions/A/Sharing
0x0000000002efa000 	/System/Library/Frameworks/ImageIO.framework/Versions/A/ImageIO
0x0000000002efa000 	/System/Library/Frameworks/CoreText.framework/Versions/A/CoreText
0x0000000002efa000 	/System/Library/Frameworks/CoreGraphics.framework/Versions/A/CoreGraphics
0x0000000002efa000 	/System/Library/PrivateFrameworks/Backup.framework/Versions/A/Backup
0x0000000002efa000 	/System/Library/Frameworks/CFNetwork.framework/Versions/A/CFNetwork
0x0000000002efa000 	/System/Library/Frameworks/SystemConfiguration.framework/Versions/A/SystemConfiguration
0x0000000002efa000 	/usr/lib/libCRFSuite.dylib
0x0000000002efa000 	/usr/lib/libc++.1.dylib
0x0000000002efa000 	/usr/lib/libc++abi.dylib
0x0000000002efa000 	/usr/lib/system/libcache.dylib
0x0000000002efa000 	/usr/lib/system/libcommonCrypto.dylib
0x0000000002efa000 	/usr/lib/system/libcompiler_rt.dylib
0x0000000002efa000 	/usr/lib/system/libcopyfile.dylib
0x0000000002efa000 	/usr/lib/system/libcorecrypto.dylib
0x0000000002efa000 	/usr/lib/system/libdispatch.dylib
0x0000000002efa000 	/usr/lib/system/libdyld.dylib
0x0000000002efa000 	/usr/lib/system/libkeymgr.dylib
0x0000000002efa000 	/usr/lib/system/liblaunch.dylib
0x0000000002efa000 	/usr/lib/system/libmacho.dylib
0x0000000002efa000 	/usr/lib/system/libquarantine.dylib
0x0000000002efa000 	/usr/lib/system/libremovefile.dylib
0x0000000002efa000 	/usr/lib/system/libsystem_asl.dylib
0x0000000002efa000 	/usr/lib/system/libsystem_blocks.dylib
0x0000000002efa000 	/usr/lib/system/libsystem_c.dylib
0x0000000002efa000 	/usr/lib/system/libsystem_configuration.dylib
0x0000000002efa000 	/usr/lib/system/libsystem_dnssd.dylib
0x0000000002efa000 	/usr/lib/system/libsystem_info.dylib
0x0000000002efa000 	/usr/lib/system/libsystem_kernel.dylib
0x0000000002efa000 	/usr/lib/system/libsystem_m.dylib
0x0000000002efa000 	/usr/lib/system/libsystem_malloc.dylib
0x0000000002efa000 	/usr/lib/system/libsystem_network.dylib
0x0000000002efa000 	/usr/lib/system/libsystem_notify.dylib
0x0000000002efa000 	/usr/lib/system/libsystem_platform.dylib
0x0000000002efa000 	/usr/lib/system/libsystem_pthread.dylib
0x0000000002efa000 	/usr/lib/system/libsystem_sandbox.dylib
0x0000000002efa000 	/usr/lib/system/libsystem_stats.dylib
0x0000000002efa000 	/usr/lib/system/libunc.dylib
0x0000000002efa000 	/usr/lib/system/libunwind.dylib
0x0000000002efa000 	/usr/lib/system/libxpc.dylib
0x0000000002efa000 	/usr/lib/libbsm.0.dylib
0x0000000002efa000 	/usr/lib/libsqlite3.dylib
0x0000000002efa000 	/usr/lib/libxar.1.dylib
0x0000000002efa000 	/usr/lib/libpam.2.dylib
0x0000000002efa000 	/usr/lib/libOpenScriptingUtil.dylib
0x0000000002efa000 	/usr/lib/libbz2.1.0.dylib
0x0000000002efa000 	/System/Library/Frameworks/CoreServices.framework/Versions/A/Frameworks/CarbonCore.framework/Versions/A/CarbonCore
0x0000000002efa000 	/System/Library/Frameworks/CoreServices.framework/Versions/A/Frameworks/Metadata.framework/Versions/A/Metadata
0x0000000002efa000 	/System/Library/Frameworks/CoreServices.framework/Versions/A/Frameworks/OSServices.framework/Versions/A/OSServices
0x0000000002efa000 	/System/Library/Frameworks/CoreServices.framework/Versions/A/Frameworks/SearchKit.framework/Versions/A/SearchKit
0x0000000002efa000 	/System/Library/Frameworks/CoreServices.framework/Versions/A/Frameworks/AE.framework/Versions/A/AE
0x0000000002efa000 	/System/Library/Frameworks/CoreServices.framework/Versions/A/Frameworks/LaunchServices.framework/Versions/A/LaunchServices
0x0000000002efa000 	/System/Library/Frameworks/CoreServices.framework/Versions/A/Frameworks/DictionaryServices.framework/Versions/A/DictionaryServices
0x0000000002efa000 	/System/Library/Frameworks/NetFS.framework/Versions/A/NetFS
0x0000000002efa000 	/usr/lib/system/libkxld.dylib
0x0000000002efa000 	/System/Library/PrivateFrameworks/NetAuth.framework/Versions/A/NetAuth
0x0000000002efa000 	/System/Library/PrivateFrameworks/TCC.framework/Versions/A/TCC
0x0000000002efa000 	/System/Library/Frameworks/OpenDirectory.framework/Versions/A/Frameworks/CFOpenDirectory.framework/Versions/A/CFOpenDirectory
0x0000000002efa000 	/System/Library/Frameworks/ServiceManagement.framework/Versions/A/ServiceManagement
0x0000000002efa000 	/usr/lib/libxslt.1.dylib
0x0000000002efa000 	/System/Library/Frameworks/Carbon.framework/Versions/A/Frameworks/Ink.framework/Versions/A/Ink
0x0000000002efa000 	/System/Library/Frameworks/ApplicationServices.framework/Versions/A/Frameworks/ATS.framework/Versions/A/ATS
0x0000000002efa000 	/System/Library/Frameworks/ApplicationServices.framework/Versions/A/Frameworks/ColorSync.framework/Versions/A/ColorSync
0x0000000002efa000 	/System/Library/Frameworks/ApplicationServices.framework/Versions/A/Frameworks/HIServices.framework/Versions/A/HIServices
0x0000000002efa000 	/System/Library/Frameworks/ApplicationServices.framework/Versions/A/Frameworks/LangAnalysis.framework/Versions/A/LangAnalysis
0x0000000002efa000 	/System/Library/Frameworks/ApplicationServices.framework/Versions/A/Frameworks/PrintCore.framework/Versions/A/PrintCore
0x0000000002efa000 	/System/Library/Frameworks/ApplicationServices.framework/Versions/A/Frameworks/QD.framework/Versions/A/QD
0x0000000002efa000 	/System/Library/Frameworks/ApplicationServices.framework/Versions/A/Frameworks/SpeechSynthesis.framework/Versions/A/SpeechSynthesis
0x0000000002efa000 	/System/Library/Frameworks/IOSurface.framework/Versions/A/IOSurface
0x0000000002efa000 	/System/Library/Frameworks/Accelerate.framework/Versions/A/Accelerate
0x0000000002efa000 	/System/Library/Frameworks/Accelerate.framework/Versions/A/Frameworks/vImage.framework/Versions/A/vImage
0x0000000002efa000 	/System/Library/Frameworks/Accelerate.framework/Versions/A/Frameworks/vecLib.framework/Versions/A/vecLib
0x0000000002efa000 	/System/Library/Frameworks/Accelerate.framework/Versions/A/Frameworks/vecLib.framework/Versions/A/libvDSP.dylib
0x0000000002efa000 	/System/Library/Frameworks/Accelerate.framework/Versions/A/Frameworks/vecLib.framework/Versions/A/libvMisc.dylib
0x0000000002efa000 	/System/Library/Frameworks/Accelerate.framework/Versions/A/Frameworks/vecLib.framework/Versions/A/libLAPACK.dylib
0x0000000002efa000 	/System/Library/Frameworks/Accelerate.framework/Versions/A/Frameworks/vecLib.framework/Versions/A/libBLAS.dylib
0x0000000002efa000 	/System/Library/Frameworks/ApplicationServices.framework/Versions/A/Frameworks/ATS.framework/Versions/A/Resources/libFontParser.dylib
0x0000000002efa000 	/System/Library/Frameworks/ApplicationServices.framework/Versions/A/Frameworks/ATS.framework/Versions/A/Resources/libFontRegistry.dylib
0x0000000002efa000 	/System/Library/Frameworks/ImageIO.framework/Versions/A/Resources/libJPEG.dylib
0x0000000002efa000 	/System/Library/Frameworks/ImageIO.framework/Versions/A/Resources/libTIFF.dylib
0x0000000002efa000 	/System/Library/Frameworks/ImageIO.framework/Versions/A/Resources/libPng.dylib
0x0000000002efa000 	/System/Library/Frameworks/ImageIO.framework/Versions/A/Resources/libGIF.dylib
0x0000000002efa000 	/System/Library/Frameworks/ImageIO.framework/Versions/A/Resources/libJP2.dylib
0x0000000002efa000 	/System/Library/Frameworks/ImageIO.framework/Versions/A/Resources/libRadiance.dylib
0x0000000002efa000 	/usr/lib/libcups.2.dylib
0x0000000002efa000 	/System/Library/Frameworks/Kerberos.framework/Versions/A/Kerberos
0x0000000002efa000 	/System/Library/Frameworks/GSS.framework/Versions/A/GSS
0x0000000002efa000 	/usr/lib/libresolv.9.dylib
0x0000000002efa000 	/usr/lib/libiconv.2.dylib
0x0000000002efa000 	/System/Library/PrivateFrameworks/Heimdal.framework/Versions/A/Heimdal
0x0000000002efa000 	/System/Library/PrivateFrameworks/TrustEvaluationAgent.framework/Versions/A/TrustEvaluationAgent
0x0000000002efa000 	/usr/lib/libheimdal-asn1.dylib
0x0000000002efa000 	/System/Library/Frameworks/OpenDirectory.framework/Versions/A/OpenDirectory
0x0000000002efa000 	/System/Library/PrivateFrameworks/CommonAuth.framework/Versions/A/CommonAuth
0x0000000002efa000 	/System/Library/Frameworks/SecurityFoundation.framework/Versions/A/SecurityFoundation
0x0000000002efa000 	/System/Library/PrivateFrameworks/Bom.framework/Versions/A/Bom
0x0000000002efa000 	/System/Library/Frameworks/CoreVideo.framework/Versions/A/CoreVideo
0x0000000002efa000 	/System/Library/Frameworks/QuartzCore.framework/Versions/A/Frameworks/CoreImage.framework/Versions/A/CoreImage
0x0000000002efa000 	/System/Library/Frameworks/QuartzCore.framework/Versions/A/Frameworks/ScalableUserInterface.framework/Versions/A/ScalableUserInterface
0x0000000002efa000 	/System/Library/Frameworks/OpenGL.framework/Versions/A/Libraries/libGLU.dylib
0x0000000002efa000 	/System/Library/Frameworks/OpenGL.framework/Versions/A/Libraries/libGFXShared.dylib
0x0000000002efa000 	/System/Library/Frameworks/OpenGL.framework/Versions/A/Libraries/libGL.dylib
0x0000000002efa000 	/System/Library/Frameworks/OpenGL.framework/Versions/A/Libraries/libGLImage.dylib
0x0000000002efa000 	/System/Library/Frameworks/OpenGL.framework/Versions/A/Libraries/libCVMSPluginSupport.dylib
0x0000000002efa000 	/System/Library/Frameworks/OpenGL.framework/Versions/A/Libraries/libCoreVMClient.dylib
0x0000000002efa000 	/System/Library/PrivateFrameworks/FaceCore.framework/Versions/A/FaceCore
0x0000000002efa000 	/System/Library/PrivateFrameworks/CrashReporterSupport.framework/Versions/A/CrashReporterSupport
0x0000000002efa000 	/System/Library/Frameworks/OpenCL.framework/Versions/A/OpenCL
0x0000000002efa000 	/System/Library/PrivateFrameworks/AppleFSCompression.framework/Versions/A/AppleFSCompression
0x0000000002efa000 	/System/Library/PrivateFrameworks/Ubiquity.framework/Versions/A/Ubiquity
0x0000000002efa000 	/System/Library/PrivateFrameworks/IconServices.framework/Versions/A/IconServices
0x0000000002efa000 	/System/Library/PrivateFrameworks/ChunkingLibrary.framework/Versions/A/ChunkingLibrary
0x0000000002efa000 	/System/Library/PrivateFrameworks/CoreSymbolication.framework/Versions/A/CoreSymbolication
0x0000000002efa000 	/System/Library/PrivateFrameworks/Symbolication.framework/Versions/A/Symbolication
0x0000000002efa000 	/System/Library/PrivateFrameworks/DebugSymbols.framework/Versions/A/DebugSymbols
0x0000000100a00000 	/Library/Java/JavaVirtualMachines/jdk1.7.0_75.jdk/Contents/Home/jre/lib/server/libjvm.dylib
0x0000000002efa000 	/usr/lib/libstdc++.6.dylib
0x0000000100189000 	/Library/Java/JavaVirtualMachines/jdk1.7.0_75.jdk/Contents/Home/jre/lib/libverify.dylib
0x0000000100196000 	/Library/Java/JavaVirtualMachines/jdk1.7.0_75.jdk/Contents/Home/jre/lib/libjava.dylib
0x00000001001d0000 	/Library/Java/JavaVirtualMachines/jdk1.7.0_75.jdk/Contents/Home/jre/lib/libzip.dylib
0x000000010adb1000 	/System/Library/Frameworks/JavaVM.framework/Frameworks/JavaRuntimeSupport.framework/JavaRuntimeSupport
0x000000010adc9000 	/System/Library/Frameworks/JavaVM.framework/Versions/A/Frameworks/JavaNativeFoundation.framework/Versions/A/JavaNativeFoundation
0x000000010adde000 	/System/Library/Frameworks/JavaVM.framework/Versions/A/JavaVM
0x0000000002efa000 	/System/Library/Frameworks/Carbon.framework/Versions/A/Carbon
0x000000010adeb000 	/System/Library/PrivateFrameworks/JavaLaunching.framework/Versions/A/JavaLaunching
0x0000000002efa000 	/System/Library/Frameworks/Carbon.framework/Versions/A/Frameworks/CommonPanels.framework/Versions/A/CommonPanels
0x0000000002efa000 	/System/Library/Frameworks/Carbon.framework/Versions/A/Frameworks/Help.framework/Versions/A/Help
0x0000000002efa000 	/System/Library/Frameworks/Carbon.framework/Versions/A/Frameworks/ImageCapture.framework/Versions/A/ImageCapture
0x0000000002efa000 	/System/Library/Frameworks/Carbon.framework/Versions/A/Frameworks/OpenScripting.framework/Versions/A/OpenScripting
0x0000000002efa000 	/System/Library/Frameworks/Carbon.framework/Versions/A/Frameworks/Print.framework/Versions/A/Print
0x0000000002efa000 	/System/Library/Frameworks/Carbon.framework/Versions/A/Frameworks/SecurityHI.framework/Versions/A/SecurityHI
0x000000010b485000 	/Library/Java/JavaVirtualMachines/jdk1.7.0_75.jdk/Contents/Home/jre/lib/libnio.dylib
0x000000010b494000 	/Library/Java/JavaVirtualMachines/jdk1.7.0_75.jdk/Contents/Home/jre/lib/./libnet.dylib
0x000000010b4f7000 	/private/var/folders/m7/_l6y_79540v1m1hbbdv50r1m0000gp/T/sqlite-3.8.7-61689c72-082b-4417-89b7-3b878aa56dc7-libsqlitejdbc.jnilib

VM Arguments:
jvm_args: -Dfile.encoding=UTF-8 
java_command: se.redmind.rmtest.main.Main
Launcher Type: SUN_STANDARD

Environment Variables:
PATH=/usr/bin:/bin:/usr/sbin:/sbin
SHELL=/bin/bash

Signal Handlers:
SIGSEGV: [libjvm.dylib+0x52d20d], sa_mask[0]=0xfffefeff, sa_flags=0x00000043
SIGBUS: [libjvm.dylib+0x52d20d], sa_mask[0]=0xfffefeff, sa_flags=0x00000042
SIGFPE: [libjvm.dylib+0x41ee7a], sa_mask[0]=0xfffefeff, sa_flags=0x00000042
SIGPIPE: [libjvm.dylib+0x41ee7a], sa_mask[0]=0xfffefeff, sa_flags=0x00000042
SIGXFSZ: [libjvm.dylib+0x41ee7a], sa_mask[0]=0xfffefeff, sa_flags=0x00000042
SIGILL: [libjvm.dylib+0x41ee7a], sa_mask[0]=0xfffefeff, sa_flags=0x00000042
SIGUSR1: SIG_DFL, sa_mask[0]=0x00000000, sa_flags=0x00000002
SIGUSR2: [libjvm.dylib+0x41e96c], sa_mask[0]=0x00000004, sa_flags=0x00000042
SIGHUP: [libjvm.dylib+0x41cbfd], sa_mask[0]=0xfffefeff, sa_flags=0x00000042
SIGINT: [libjvm.dylib+0x41cbfd], sa_mask[0]=0xfffefeff, sa_flags=0x00000042
SIGTERM: [libjvm.dylib+0x41cbfd], sa_mask[0]=0xfffefeff, sa_flags=0x00000042
SIGQUIT: [libjvm.dylib+0x41cbfd], sa_mask[0]=0xfffefeff, sa_flags=0x00000042


---------------  S Y S T E M  ---------------

OS:Bsduname:Darwin 13.3.0 Darwin Kernel Version 13.3.0: Tue Jun  3 21:27:35 PDT 2014; root:xnu-2422.110.17~1/RELEASE_X86_64 x86_64
rlimit: STACK 8192k, CORE 0k, NPROC 709, NOFILE 10240, AS infinity
load average:1.49 1.47 1.39

CPU:total 4 (2 cores per cpu, 2 threads per core) family 6 model 69 stepping 1, cmov, cx8, fxsr, mmx, sse, sse2, sse3, ssse3, sse4.1, sse4.2, popcnt, avx, avx2, aes, erms, ht, tsc, tscinvbit

Memory: 4k page, physical 8388608k(2097152k free)

/proc/meminfo:


vm_info: Java HotSpot(TM) 64-Bit Server VM (24.75-b04) for bsd-amd64 JRE (1.7.0_75-b13), built on Dec 18 2014 21:48:12 by "java_re" with gcc 4.2.1 (Based on Apple Inc. build 5658) (LLVM build 2336.11.00)

time: Fri Mar 13 09:50:27 2015
elapsed time: 4038 seconds

